#
# A fatal error has been detected by the Java Runtime Environment:
#
#  EXCEPTION_ACCESS_VIOLATION (0xc0000005) at pc=0x0000000006a76728, pid=6568, tid=0x000000000000418c
#
# JRE version: OpenJDK Runtime Environment (8.0_242-b01) (build 1.8.0_242-release-1644-b01)
# Java VM: OpenJDK 64-Bit Server VM (25.242-b01 mixed mode windows-amd64 compressed oops)
# Problematic frame:
# J 21905 C1 com.android.tools.r8.ir.regalloc.a.j()V (71 bytes) @ 0x0000000006a76728 [0x0000000006a76200+0x528]
#
# Failed to write core dump. Minidumps are not enabled by default on client versions of Windows
#
# If you would like to submit a bug report, please visit:
#   
#

---------------  T H R E A D  ---------------

Current thread (0x0000000020d4e000):  JavaThread "Build operations Thread 4" [_thread_in_Java, id=16780, stack(0x0000000021d30000,0x0000000021e30000)]

siginfo: ExceptionCode=0xc0000005, reading address 0xffffffffffffffff

Registers:
RAX=0x00000000d92a2938, RBX=0x0000000000003ccb, RCX=0x0000000012050000, RDX=0x00000000201c6a1c
RSP=0x0000000021e29a90, RBP=0x0000000085e093f8, RSI=0x00000000da7eeff0, RDI=0x0000000100e350e0
R8 =0x00000000d92a2938, R9 =0x0000000012050000, R10=0x00000000006d3f77, R11=0x00000000000000b7
R12=0x0000000000000000, R13=0x00000000da7eed90, R14=0x0000000012050000, R15=0x0000000020d4e000
RIP=0x0000000006a76728, EFLAGS=0x0000000000010202

Top of Stack: (sp=0x0000000021e29a90)
0x0000000021e29a90:   00000000da75d3c0 00000000d9295830
0x0000000021e29aa0:   00000000d92957e8 00000000da75d3d8
0x0000000021e29ab0:   00000000d92957e8 0000000000000a18
0x0000000021e29ac0:   00000000da40fc68 00000000da1339d8
0x0000000021e29ad0:   00000000da40fc68 0000000003ed437c
0x0000000021e29ae0:   00000a1a00000a18 00000000da75d248
0x0000000021e29af0:   0000000085e093f8 0000000006afef24
0x0000000021e29b00:   00000000da4e8fb8 00000000da75d268
0x0000000021e29b10:   00000000d9295848 0000003000000000
0x0000000021e29b20:   00000000da75d280 00000000d93a8440
0x0000000021e29b30:   00000000da40fc68 00000000da2e63b0
0x0000000021e29b40:   00000000fd334688 0000001400000000
0x0000000021e29b50:   00000000da7260b8 00000000da7eeff0
0x0000000021e29b60:   00000000da133930 00000000d92a0ba0
0x0000000021e29b70:   00000000da7f1d50 0000000012050000
0x0000000021e29b80:   00000000d9285470 00000000da7f1d70 

Instructions: (pc=0x0000000006a76728)
0x0000000006a76708:   00 00 00 00 81 8e b0 01 00 00 00 01 00 00 e9 c0
0x0000000006a76718:   00 00 00 48 bf e0 50 e3 00 01 00 00 00 8b 50 08
0x0000000006a76728:   48 c1 e2 03 48 3b fa 0f 85 8a 00 00 00 48 be 80
0x0000000006a76738:   78 ab 2d 00 00 00 00 8b 78 08 48 c1 e7 03 48 3b 


Register to memory mapping:

RAX=0x00000000d92a2938 is an oop
com.android.tools.r8.s.b.o 
 - klass: 'com/android/tools/r8/s/b/o'
RBX=0x0000000000003ccb is an unknown value
RCX=0x0000000012050000 is an unknown value
RDX=0x00000000201c6a1c is an unknown value
RSP=0x0000000021e29a90 is pointing into the stack for thread: 0x0000000020d4e000
RBP=0x0000000085e093f8 is an oop
com.android.tools.r8.references.Reference 
 - klass: 'com/android/tools/r8/references/Reference'
RSI=0x00000000da7eeff0 is an oop
java.util.LinkedList$ListItr 
 - klass: 'java/util/LinkedList$ListItr'
RDI=0x0000000100e350e0 is pointing into metadata
R8 =0x00000000d92a2938 is an oop
com.android.tools.r8.s.b.o 
 - klass: 'com/android/tools/r8/s/b/o'
R9 =0x0000000012050000 is an unknown value
R10=0x00000000006d3f77 is an unknown value
R11=0x00000000000000b7 is an unknown value
R12=0x0000000000000000 is an unknown value
R13=0x00000000da7eed90 is an oop
java.util.TreeSet 
 - klass: 'java/util/TreeSet'
R14=0x0000000012050000 is an unknown value
R15=0x0000000020d4e000 is a thread


Stack: [0x0000000021d30000,0x0000000021e30000],  sp=0x0000000021e29a90,  free space=998k
Native frames: (J=compiled Java code, j=interpreted, Vv=VM code, C=native code)
C  0x0000000006a76728


---------------  P R O C E S S  ---------------

Java Threads: ( => current thread )
  0x000000001c30d000 JavaThread "WorkerExecutor Queue" [_thread_blocked, id=4244, stack(0x00000000302c0000,0x00000000303c0000)]
  0x000000001c30c800 JavaThread "Cache worker for execution history cache (C:\Users\Sonny\Dropbox\4 semester\AND\Plantae\.gradle\6.5\executionHistory)" [_thread_blocked, id=21220, stack(0x00000000301c0000,0x00000000302c0000)]
  0x000000001c311800 JavaThread "Execution worker for ':' Thread 11" [_thread_blocked, id=9472, stack(0x000000002fdc0000,0x000000002fec0000)]
  0x000000001c30f800 JavaThread "Execution worker for ':' Thread 10" [_thread_blocked, id=10128, stack(0x000000002fcc0000,0x000000002fdc0000)]
  0x000000001c30e800 JavaThread "Execution worker for ':' Thread 9" [_thread_blocked, id=16172, stack(0x000000002fbc0000,0x000000002fcc0000)]
  0x0000000020f9e000 JavaThread "Execution worker for ':' Thread 8" [_thread_blocked, id=3468, stack(0x000000002fac0000,0x000000002fbc0000)]
  0x0000000020f9d800 JavaThread "Execution worker for ':' Thread 7" [_thread_blocked, id=4708, stack(0x000000002f9c0000,0x000000002fac0000)]
  0x0000000020fa0800 JavaThread "Execution worker for ':' Thread 6" [_thread_blocked, id=14900, stack(0x000000002f8c0000,0x000000002f9c0000)]
  0x0000000020f9f000 JavaThread "Execution worker for ':' Thread 5" [_thread_blocked, id=21092, stack(0x000000002f7c0000,0x000000002f8c0000)]
  0x0000000020f9c800 JavaThread "Execution worker for ':' Thread 4" [_thread_blocked, id=17192, stack(0x000000002f6c0000,0x000000002f7c0000)]
  0x0000000020fa1000 JavaThread "Execution worker for ':' Thread 3" [_thread_blocked, id=17148, stack(0x000000002f5c0000,0x000000002f6c0000)]
  0x0000000020f9c000 JavaThread "Execution worker for ':' Thread 2" [_thread_blocked, id=14604, stack(0x000000002f4c0000,0x000000002f5c0000)]
  0x0000000020fa2000 JavaThread "Execution worker for ':'" [_thread_blocked, id=16976, stack(0x000000002d540000,0x000000002d640000)]
  0x0000000020fa2800 JavaThread "Cache worker for file content cache (C:\Users\Sonny\Dropbox\4 semester\AND\Plantae\.gradle\6.5\fileContent)" [_thread_blocked, id=7488, stack(0x000000002bb40000,0x000000002bc40000)]
  0x0000000020f9f800 JavaThread "Cache worker for Build Output Cleanup Cache (C:\Users\Sonny\Dropbox\4 semester\AND\Plantae\.gradle\buildOutputCleanup)" [_thread_blocked, id=18252, stack(0x000000002ba40000,0x000000002bb40000)]
  0x0000000020f94800 JavaThread "jar transforms Thread 368" [_thread_blocked, id=11800, stack(0x000000002b940000,0x000000002ba40000)]
  0x0000000020f95000 JavaThread "jar transforms Thread 367" [_thread_blocked, id=1560, stack(0x000000002b840000,0x000000002b940000)]
  0x0000000020f9b000 JavaThread "jar transforms Thread 366" [_thread_blocked, id=10532, stack(0x000000002b740000,0x000000002b840000)]
  0x0000000020f93800 JavaThread "jar transforms Thread 365" [_thread_blocked, id=19836, stack(0x000000002b640000,0x000000002b740000)]
  0x0000000020f96800 JavaThread "jar transforms Thread 364" [_thread_blocked, id=20532, stack(0x000000002b540000,0x000000002b640000)]
  0x0000000020f99800 JavaThread "jar transforms Thread 363" [_thread_blocked, id=10992, stack(0x000000002b440000,0x000000002b540000)]
  0x0000000020f9a800 JavaThread "jar transforms Thread 362" [_thread_blocked, id=20896, stack(0x000000002b340000,0x000000002b440000)]
  0x0000000020f98000 JavaThread "jar transforms Thread 361" [_thread_blocked, id=11656, stack(0x000000002b240000,0x000000002b340000)]
  0x0000000023ffa000 JavaThread "jar transforms Thread 360" [_thread_blocked, id=15972, stack(0x000000002b140000,0x000000002b240000)]
  0x0000000023ff4800 JavaThread "jar transforms Thread 359" [_thread_blocked, id=13544, stack(0x000000002b040000,0x000000002b140000)]
  0x0000000023ff9000 JavaThread "jar transforms Thread 358" [_thread_blocked, id=11060, stack(0x000000002af40000,0x000000002b040000)]
  0x0000000023ff4000 JavaThread "jar transforms Thread 357" [_thread_blocked, id=11988, stack(0x000000002ae40000,0x000000002af40000)]
  0x0000000023ff8800 JavaThread "jar transforms Thread 356" [_thread_blocked, id=15088, stack(0x000000002ad40000,0x000000002ae40000)]
  0x0000000023ffb000 JavaThread "jar transforms Thread 355" [_thread_blocked, id=1236, stack(0x000000002ac40000,0x000000002ad40000)]
  0x0000000023ff7000 JavaThread "jar transforms Thread 354" [_thread_blocked, id=3268, stack(0x000000002ab40000,0x000000002ac40000)]
  0x0000000023ff3000 JavaThread "jar transforms Thread 353" [_thread_blocked, id=21312, stack(0x000000002aa40000,0x000000002ab40000)]
  0x0000000023ff6000 JavaThread "jar transforms Thread 352" [_thread_blocked, id=19256, stack(0x000000002a940000,0x000000002aa40000)]
  0x0000000023ff7800 JavaThread "jar transforms Thread 351" [_thread_blocked, id=15380, stack(0x000000002a840000,0x000000002a940000)]
  0x0000000023feb800 JavaThread "jar transforms Thread 350" [_thread_blocked, id=20640, stack(0x000000002a740000,0x000000002a840000)]
  0x0000000023ff2800 JavaThread "jar transforms Thread 349" [_thread_blocked, id=19888, stack(0x000000002a640000,0x000000002a740000)]
  0x0000000023fee800 JavaThread "jar transforms Thread 348" [_thread_blocked, id=3972, stack(0x000000002a540000,0x000000002a640000)]
  0x0000000023fed000 JavaThread "jar transforms Thread 347" [_thread_blocked, id=20940, stack(0x000000002a440000,0x000000002a540000)]
  0x0000000023fec800 JavaThread "jar transforms Thread 346" [_thread_blocked, id=16220, stack(0x000000002a340000,0x000000002a440000)]
  0x0000000023ff0000 JavaThread "jar transforms Thread 345" [_thread_blocked, id=4808, stack(0x000000002a240000,0x000000002a340000)]
  0x0000000023ff1000 JavaThread "jar transforms Thread 344" [_thread_blocked, id=8032, stack(0x000000002a140000,0x000000002a240000)]
  0x0000000023ff1800 JavaThread "jar transforms Thread 343" [_thread_blocked, id=9888, stack(0x000000002a040000,0x000000002a140000)]
  0x0000000023fee000 JavaThread "jar transforms Thread 342" [_thread_blocked, id=21288, stack(0x0000000029f40000,0x000000002a040000)]
  0x0000000025ee4800 JavaThread "jar transforms Thread 341" [_thread_blocked, id=12888, stack(0x0000000029e40000,0x0000000029f40000)]
  0x0000000025ee4000 JavaThread "jar transforms Thread 340" [_thread_blocked, id=18332, stack(0x0000000029d40000,0x0000000029e40000)]
  0x0000000025ee1800 JavaThread "jar transforms Thread 339" [_thread_blocked, id=19580, stack(0x0000000029c40000,0x0000000029d40000)]
  0x0000000025ee1000 JavaThread "jar transforms Thread 338" [_thread_blocked, id=3192, stack(0x0000000029b40000,0x0000000029c40000)]
  0x0000000025edf800 JavaThread "jar transforms Thread 337" [_thread_blocked, id=3324, stack(0x0000000029a40000,0x0000000029b40000)]
  0x0000000025ee0000 JavaThread "jar transforms Thread 336" [_thread_blocked, id=9660, stack(0x0000000029940000,0x0000000029a40000)]
  0x0000000025ee3000 JavaThread "jar transforms Thread 335" [_thread_blocked, id=6628, stack(0x0000000029840000,0x0000000029940000)]
  0x0000000025ed7800 JavaThread "jar transforms Thread 334" [_thread_blocked, id=4960, stack(0x0000000029740000,0x0000000029840000)]
  0x0000000025ede800 JavaThread "jar transforms Thread 333" [_thread_blocked, id=14728, stack(0x0000000029640000,0x0000000029740000)]
  0x0000000025ed7000 JavaThread "jar transforms Thread 332" [_thread_blocked, id=20756, stack(0x0000000029540000,0x0000000029640000)]
  0x0000000025ed6000 JavaThread "jar transforms Thread 331" [_thread_blocked, id=21468, stack(0x0000000029440000,0x0000000029540000)]
  0x0000000025edd000 JavaThread "jar transforms Thread 330" [_thread_blocked, id=15188, stack(0x0000000029340000,0x0000000029440000)]
  0x0000000025ed5800 JavaThread "jar transforms Thread 329" [_thread_blocked, id=12832, stack(0x0000000029240000,0x0000000029340000)]
  0x0000000025edc800 JavaThread "jar transforms Thread 328" [_thread_blocked, id=20488, stack(0x0000000029140000,0x0000000029240000)]
  0x0000000025edb800 JavaThread "jar transforms Thread 327" [_thread_blocked, id=20952, stack(0x0000000029040000,0x0000000029140000)]
  0x0000000025eda000 JavaThread "jar transforms Thread 326" [_thread_blocked, id=21252, stack(0x0000000028f40000,0x0000000029040000)]
  0x0000000025ed9000 JavaThread "jar transforms Thread 325" [_thread_blocked, id=21156, stack(0x0000000028e40000,0x0000000028f40000)]
  0x0000000025ed8800 JavaThread "jar transforms Thread 324" [_thread_blocked, id=21160, stack(0x0000000028d40000,0x0000000028e40000)]
  0x0000000025edb000 JavaThread "jar transforms Thread 323" [_thread_blocked, id=21096, stack(0x0000000028c40000,0x0000000028d40000)]
  0x00000000245b2000 JavaThread "jar transforms Thread 322" [_thread_blocked, id=21280, stack(0x0000000028b40000,0x0000000028c40000)]
  0x00000000245b0800 JavaThread "jar transforms Thread 321" [_thread_blocked, id=21128, stack(0x0000000028a40000,0x0000000028b40000)]
  0x00000000245b7000 JavaThread "jar transforms Thread 320" [_thread_blocked, id=21124, stack(0x0000000028940000,0x0000000028a40000)]
  0x00000000245b5800 JavaThread "jar transforms Thread 319" [_thread_blocked, id=21244, stack(0x0000000028840000,0x0000000028940000)]
  0x00000000245b5000 JavaThread "jar transforms Thread 318" [_thread_blocked, id=21272, stack(0x0000000028740000,0x0000000028840000)]
  0x00000000245b2800 JavaThread "jar transforms Thread 317" [_thread_blocked, id=21284, stack(0x0000000028640000,0x0000000028740000)]
  0x00000000245b3800 JavaThread "jar transforms Thread 316" [_thread_blocked, id=21240, stack(0x0000000028540000,0x0000000028640000)]
  0x00000000245b1000 JavaThread "jar transforms Thread 315" [_thread_blocked, id=19840, stack(0x0000000028440000,0x0000000028540000)]
  0x00000000245b4000 JavaThread "jar transforms Thread 314" [_thread_blocked, id=21268, stack(0x0000000028340000,0x0000000028440000)]
  0x00000000245aa000 JavaThread "jar transforms Thread 313" [_thread_blocked, id=15100, stack(0x0000000028240000,0x0000000028340000)]
  0x00000000245af000 JavaThread "jar transforms Thread 312" [_thread_blocked, id=12060, stack(0x0000000028140000,0x0000000028240000)]
  0x00000000245ab800 JavaThread "jar transforms Thread 311" [_thread_blocked, id=16648, stack(0x0000000028040000,0x0000000028140000)]
  0x00000000245af800 JavaThread "jar transforms Thread 310" [_thread_blocked, id=19076, stack(0x0000000027f40000,0x0000000028040000)]
  0x00000000245a8000 JavaThread "jar transforms Thread 309" [_thread_blocked, id=10108, stack(0x0000000027e40000,0x0000000027f40000)]
  0x00000000245ab000 JavaThread "jar transforms Thread 308" [_thread_blocked, id=2864, stack(0x0000000027d40000,0x0000000027e40000)]
  0x00000000245a9800 JavaThread "jar transforms Thread 307" [_thread_blocked, id=15356, stack(0x0000000027c40000,0x0000000027d40000)]
  0x00000000245a8800 JavaThread "jar transforms Thread 306" [_thread_blocked, id=11936, stack(0x0000000027b40000,0x0000000027c40000)]
  0x00000000245ad000 JavaThread "jar transforms Thread 305" [_thread_blocked, id=17672, stack(0x0000000027a40000,0x0000000027b40000)]
  0x00000000245ac800 JavaThread "jar transforms Thread 304" [_thread_blocked, id=21028, stack(0x0000000027940000,0x0000000027a40000)]
  0x00000000245ae000 JavaThread "jar transforms Thread 303" [_thread_blocked, id=12488, stack(0x0000000027840000,0x0000000027940000)]
  0x000000001d3c5800 JavaThread "jar transforms Thread 302" [_thread_blocked, id=15124, stack(0x0000000027740000,0x0000000027840000)]
  0x000000001d3c6000 JavaThread "jar transforms Thread 301" [_thread_blocked, id=4924, stack(0x0000000027640000,0x0000000027740000)]
  0x000000001d3c4800 JavaThread "jar transforms Thread 300" [_thread_blocked, id=21064, stack(0x0000000027540000,0x0000000027640000)]
  0x000000001d3c4000 JavaThread "jar transforms Thread 299" [_thread_blocked, id=6232, stack(0x0000000027440000,0x0000000027540000)]
  0x000000001d3bc800 JavaThread "jar transforms Thread 298" [_thread_blocked, id=19356, stack(0x0000000027340000,0x0000000027440000)]
  0x000000001d3c3000 JavaThread "jar transforms Thread 297" [_thread_blocked, id=272, stack(0x0000000027240000,0x0000000027340000)]
  0x000000001d3c1800 JavaThread "jar transforms Thread 296" [_thread_blocked, id=2788, stack(0x0000000027140000,0x0000000027240000)]
  0x000000001d3c1000 JavaThread "jar transforms Thread 295" [_thread_blocked, id=11208, stack(0x0000000027040000,0x0000000027140000)]
  0x000000001d3c0000 JavaThread "jar transforms Thread 294" [_thread_blocked, id=21192, stack(0x0000000026f40000,0x0000000027040000)]
  0x000000001d3be800 JavaThread "jar transforms Thread 293" [_thread_blocked, id=3236, stack(0x0000000026e40000,0x0000000026f40000)]
  0x000000001d3be000 JavaThread "jar transforms Thread 292" [_thread_blocked, id=11464, stack(0x0000000026d40000,0x0000000026e40000)]
  0x000000001d3bb800 JavaThread "jar transforms Thread 291" [_thread_blocked, id=12776, stack(0x0000000026c40000,0x0000000026d40000)]
  0x000000001d3bf800 JavaThread "jar transforms Thread 290" [_thread_blocked, id=11244, stack(0x0000000026b40000,0x0000000026c40000)]
  0x000000001d3c2800 JavaThread "jar transforms Thread 289" [_thread_blocked, id=13680, stack(0x0000000026a40000,0x0000000026b40000)]
  0x000000001d3bd000 JavaThread "jar transforms Thread 288" [_thread_blocked, id=17612, stack(0x0000000026940000,0x0000000026a40000)]
  0x000000001d3b4000 JavaThread "jar transforms Thread 287" [_thread_blocked, id=14320, stack(0x0000000025620000,0x0000000025720000)]
  0x000000001d3bb000 JavaThread "jar transforms Thread 286" [_thread_blocked, id=5860, stack(0x0000000023b30000,0x0000000023c30000)]
  0x000000001d3ba000 JavaThread "jar transforms Thread 285" [_thread_blocked, id=19388, stack(0x0000000023030000,0x0000000023130000)]
  0x000000001d3b2800 JavaThread "jar transforms Thread 284" [_thread_blocked, id=8584, stack(0x0000000022d30000,0x0000000022e30000)]
  0x000000001d3b3800 JavaThread "jar transforms Thread 283" [_thread_blocked, id=15344, stack(0x0000000022c30000,0x0000000022d30000)]
  0x000000001d3b9800 JavaThread "jar transforms Thread 282" [_thread_blocked, id=21340, stack(0x0000000022b30000,0x0000000022c30000)]
  0x000000001d3b8800 JavaThread "jar transforms Thread 281" [_thread_blocked, id=19572, stack(0x0000000022a30000,0x0000000022b30000)]
  0x000000001d3b8000 JavaThread "jar transforms Thread 280" [_thread_blocked, id=9016, stack(0x0000000022930000,0x0000000022a30000)]
  0x000000001d3b5000 JavaThread "jar transforms Thread 279" [_thread_blocked, id=6476, stack(0x0000000022830000,0x0000000022930000)]
  0x000000001d3b6800 JavaThread "jar transforms Thread 278" [_thread_blocked, id=20484, stack(0x0000000022730000,0x0000000022830000)]
  0x000000001d3b5800 JavaThread "jar transforms Thread 277" [_thread_blocked, id=19224, stack(0x0000000022630000,0x0000000022730000)]
  0x000000001d3aa800 JavaThread "Build operations Thread 12" [_thread_blocked, id=9096, stack(0x0000000022530000,0x0000000022630000)]
  0x000000001d3b1000 JavaThread "Build operations Thread 11" [_thread_blocked, id=20280, stack(0x0000000022430000,0x0000000022530000)]
  0x000000001d3af000 JavaThread "Build operations Thread 10" [_thread_blocked, id=19084, stack(0x0000000022330000,0x0000000022430000)]
  0x000000001d3b0800 JavaThread "Build operations Thread 9" [_thread_blocked, id=9068, stack(0x0000000022230000,0x0000000022330000)]
  0x000000001d3a9000 JavaThread "Build operations Thread 8" [_thread_blocked, id=14632, stack(0x0000000022130000,0x0000000022230000)]
  0x000000001d3ab000 JavaThread "Build operations Thread 7" [_thread_blocked, id=11632, stack(0x0000000022030000,0x0000000022130000)]
  0x000000001d3ac000 JavaThread "Build operations Thread 6" [_thread_blocked, id=17372, stack(0x0000000021f30000,0x0000000022030000)]
  0x000000001d3af800 JavaThread "Build operations Thread 5" [_thread_blocked, id=21388, stack(0x0000000021e30000,0x0000000021f30000)]
=>0x0000000020d4e000 JavaThread "Build operations Thread 4" [_thread_in_Java, id=16780, stack(0x0000000021d30000,0x0000000021e30000)]
  0x0000000020d51800 JavaThread "Build operations Thread 3" [_thread_blocked, id=20928, stack(0x0000000021c30000,0x0000000021d30000)]
  0x0000000020d4f800 JavaThread "Build operations Thread 2" [_thread_blocked, id=6004, stack(0x00000000216d0000,0x00000000217d0000)]
  0x0000000020d51000 JavaThread "Build operations" [_thread_blocked, id=17832, stack(0x000000001ef30000,0x000000001f030000)]
  0x0000000020d4c800 JavaThread "Cache worker for cache directory md-rule (C:\Users\Sonny\.gradle\caches\6.5\md-rule)" [_thread_blocked, id=20440, stack(0x000000001ee30000,0x000000001ef30000)]
  0x0000000020d4e800 JavaThread "Cache worker for cache directory md-supplier (C:\Users\Sonny\.gradle\caches\6.5\md-supplier)" [_thread_blocked, id=8004, stack(0x000000001ed30000,0x000000001ee30000)]
  0x0000000020d50000 JavaThread "Cache worker for checksums cache (C:\Users\Sonny\Dropbox\4 semester\AND\Plantae\.gradle\checksums)" [_thread_blocked, id=20820, stack(0x000000001ec30000,0x000000001ed30000)]
  0x0000000020d46000 JavaThread "Cache worker for file hash cache (C:\Users\Sonny\Dropbox\4 semester\AND\Plantae\.gradle\6.5\fileHashes)" [_thread_blocked, id=9404, stack(0x000000001eb30000,0x000000001ec30000)]
  0x0000000020d4d000 JavaThread "Thread-417" [_thread_blocked, id=20392, stack(0x000000001ea30000,0x000000001eb30000)]
  0x0000000020d48800 JavaThread "Stdin handler" [_thread_blocked, id=18624, stack(0x000000001e630000,0x000000001e730000)]
  0x0000000020d4b800 JavaThread "Asynchronous log dispatcher for DefaultDaemonConnection: socket connection from /127.0.0.1:53061 to /127.0.0.1:54611" [_thread_blocked, id=7904, stack(0x000000001e1e0000,0x000000001e2e0000)]
  0x0000000020d45800 JavaThread "Daemon worker Thread 4" [_thread_blocked, id=19088, stack(0x000000001e0e0000,0x000000001e1e0000)]
  0x0000000020d48000 JavaThread "Cancel handler" [_thread_blocked, id=19684, stack(0x0000000001040000,0x0000000001140000)]
  0x0000000020d44000 JavaThread "Handler for socket connection from /127.0.0.1:53061 to /127.0.0.1:54611" [_thread_in_native, id=16088, stack(0x0000000000f40000,0x0000000001040000)]
  0x0000000020d47000 JavaThread "Daemon Thread 4" [_thread_blocked, id=19604, stack(0x0000000000e40000,0x0000000000f40000)]
  0x000000001d3a7800 JavaThread "Cache worker for Java compile cache (C:\Users\Sonny\.gradle\caches\6.5\javaCompile)" [_thread_blocked, id=20248, stack(0x000000002fec0000,0x000000002ffc0000)]
  0x0000000020d4a000 JavaThread "Memory manager" [_thread_blocked, id=9964, stack(0x000000002c440000,0x000000002c540000)]
  0x000000001c31b800 JavaThread "Cache worker for file content cache (C:\Users\Sonny\.gradle\caches\6.5\fileContent)" [_thread_blocked, id=16488, stack(0x0000000023a30000,0x0000000023b30000)]
  0x000000001c31a000 JavaThread "Cache worker for execution history cache (C:\Users\Sonny\.gradle\caches\6.5\executionHistory)" [_thread_blocked, id=16500, stack(0x0000000023530000,0x0000000023630000)]
  0x000000001d338000 JavaThread "Cache worker for file hash cache (C:\Users\Sonny\.gradle\caches\6.5\fileHashes)" [_thread_blocked, id=6472, stack(0x000000001f430000,0x000000001f530000)]
  0x000000001d335800 JavaThread "File lock request listener" [_thread_in_native, id=11672, stack(0x000000001f330000,0x000000001f430000)]
  0x000000001d1b9800 JavaThread "Cache worker for journal cache (C:\Users\Sonny\.gradle\caches\journal-1)" [_thread_blocked, id=13540, stack(0x000000001f230000,0x000000001f330000)]
  0x000000001d04a000 JavaThread "Daemon periodic checks" [_thread_blocked, id=11796, stack(0x000000001e530000,0x000000001e630000)]
  0x000000001d0ac800 JavaThread "Incoming local TCP Connector on port 53061" [_thread_in_native, id=10728, stack(0x000000001e2e0000,0x000000001e3e0000)]
  0x000000001d06a000 JavaThread "Daemon health stats" [_thread_blocked, id=5704, stack(0x000000001dfe0000,0x000000001e0e0000)]
  0x0000000019a66800 JavaThread "Service Thread" daemon [_thread_blocked, id=19288, stack(0x000000001b440000,0x000000001b540000)]
  0x00000000199e3000 JavaThread "C1 CompilerThread3" daemon [_thread_blocked, id=19240, stack(0x000000001b340000,0x000000001b440000)]
  0x00000000199e2000 JavaThread "C2 CompilerThread2" daemon [_thread_in_native, id=280, stack(0x000000001b240000,0x000000001b340000)]
  0x00000000199dd800 JavaThread "C2 CompilerThread1" daemon [_thread_in_native, id=5852, stack(0x000000001b140000,0x000000001b240000)]
  0x00000000199d6000 JavaThread "C2 CompilerThread0" daemon [_thread_in_native, id=18420, stack(0x000000001b040000,0x000000001b140000)]
  0x00000000199d2800 JavaThread "Attach Listener" daemon [_thread_blocked, id=15960, stack(0x000000001af40000,0x000000001b040000)]
  0x000000001830e800 JavaThread "Signal Dispatcher" daemon [_thread_blocked, id=14012, stack(0x000000001ae40000,0x000000001af40000)]
  0x000000000308a000 JavaThread "Finalizer" daemon [_thread_blocked, id=12552, stack(0x000000001ac30000,0x000000001ad30000)]
  0x00000000199c3000 JavaThread "Reference Handler" daemon [_thread_blocked, id=2456, stack(0x000000001ab30000,0x000000001ac30000)]
  0x0000000002f92800 JavaThread "main" [_thread_blocked, id=2960, stack(0x0000000002e90000,0x0000000002f90000)]

Other Threads:
  0x00000000182f6000 VMThread [stack: 0x000000001aa30000,0x000000001ab30000] [id=19264]
  0x0000000019a68800 WatcherThread [stack: 0x000000001b540000,0x000000001b640000] [id=3840]

VM state:not at safepoint (normal execution)

VM Mutex/Monitor currently owned by a thread: None

heap address: 0x0000000080000000, size: 2048 MB, Compressed Oops mode: 32-bit
Narrow klass base: 0x0000000000000000, Narrow klass shift: 3
Compressed class space size: 1073741824 Address: 0x0000000100000000

Heap:
 PSYoungGen      total 646144K, used 91250K [0x00000000d5580000, 0x00000000ffc00000, 0x0000000100000000)
  eden space 602624K, 14% used [0x00000000d5580000,0x00000000da8d89a8,0x00000000fa200000)
  from space 43520K, 13% used [0x00000000fd180000,0x00000000fd744038,0x00000000ffc00000)
  to   space 46080K, 0% used [0x00000000fa200000,0x00000000fa200000,0x00000000fcf00000)
 ParOldGen       total 287744K, used 172907K [0x0000000080000000, 0x0000000091900000, 0x00000000d5580000)
  object space 287744K, 60% used [0x0000000080000000,0x000000008a8daf48,0x0000000091900000)
 Metaspace       used 110052K, capacity 117392K, committed 117592K, reserved 1150976K
  class space    used 14546K, capacity 15920K, committed 16000K, reserved 1048576K

Card table byte_map: [0x0000000012450000,0x0000000012860000] byte_map_base: 0x0000000012050000

Marking Bits: (ParMarkBitMap*) 0x000000007616f030
 Begin Bits: [0x0000000013510000, 0x0000000015510000)
 End Bits:   [0x0000000015510000, 0x0000000017510000)

Polling page: 0x0000000002d80000

CodeCache: size=245760Kb used=61062Kb max_used=61706Kb free=184697Kb
 bounds [0x0000000003090000, 0x0000000006d40000, 0x0000000012090000]
 total_blobs=18835 nmethods=17922 adapters=825
 compilation: enabled

Compilation events (10 events):
Event: 1610.678 Thread 0x00000000199dd800 nmethod 22049% 0x0000000006d1ffd0 code [0x0000000006d20860, 0x0000000006d272e0]
Event: 1610.680 Thread 0x00000000199dd800 22456 %     4       com.android.tools.r8.ir.conversion.K::a @ 711 (951 bytes)
Event: 1610.768 Thread 0x00000000199e3000 22458       3       com.android.tools.r8.q.a.a.a.S::apply (47 bytes)
Event: 1610.768 Thread 0x00000000199e3000 nmethod 22458 0x00000000045eb650 code [0x00000000045eb800, 0x00000000045ebdc8]
Event: 1610.801 Thread 0x00000000199e3000 22459       3       com.android.tools.r8.ir.regalloc.f::a (114 bytes)
Event: 1610.802 Thread 0x00000000199e3000 nmethod 22459 0x0000000006cb8110 code [0x0000000006cb83a0, 0x0000000006cb9618]
Event: 1610.821 Thread 0x00000000199e3000 22460       2       com.android.tools.r8.graph.O0::a (114 bytes)
Event: 1610.821 Thread 0x00000000199e3000 nmethod 22460 0x00000000058fec10 code [0x00000000058fede0, 0x00000000058ff3f8]
Event: 1610.835 Thread 0x00000000199e3000 22461       2       com.android.tools.r8.s.b.o0::S2 (7 bytes)
Event: 1610.835 Thread 0x00000000199e3000 nmethod 22461 0x000000000367fe10 code [0x000000000367ff60, 0x00000000036800d0]

GC Heap History (10 events):
Event: 1607.823 GC heap before
{Heap before GC invocations=26 (full 4):
 PSYoungGen      total 508928K, used 466855K [0x00000000d5580000, 0x00000000fe300000, 0x0000000100000000)
  eden space 455680K, 100% used [0x00000000d5580000,0x00000000f1280000,0x00000000f1280000)
  from space 53248K, 20% used [0x00000000f1280000,0x00000000f1d69c98,0x00000000f4680000)
  to   space 51712K, 0% used [0x00000000fb080000,0x00000000fb080000,0x00000000fe300000)
 ParOldGen       total 287744K, used 143218K [0x0000000080000000, 0x0000000091900000, 0x00000000d5580000)
  object space 287744K, 49% used [0x0000000080000000,0x0000000088bdca50,0x0000000091900000)
 Metaspace       used 109815K, capacity 117130K, committed 117336K, reserved 1150976K
  class space    used 14546K, capacity 15919K, committed 16000K, reserved 1048576K
Event: 1607.835 GC heap after
Heap after GC invocations=26 (full 4):
 PSYoungGen      total 612352K, used 6176K [0x00000000d5580000, 0x00000000fe000000, 0x0000000100000000)
  eden space 563712K, 0% used [0x00000000d5580000,0x00000000d5580000,0x00000000f7c00000)
  from space 48640K, 12% used [0x00000000fb080000,0x00000000fb688000,0x00000000fe000000)
  to   space 51200K, 0% used [0x00000000f7c00000,0x00000000f7c00000,0x00000000fae00000)
 ParOldGen       total 287744K, used 152982K [0x0000000080000000, 0x0000000091900000, 0x00000000d5580000)
  object space 287744K, 53% used [0x0000000080000000,0x0000000089565868,0x0000000091900000)
 Metaspace       used 109815K, capacity 117130K, committed 117336K, reserved 1150976K
  class space    used 14546K, capacity 15919K, committed 16000K, reserved 1048576K
}
Event: 1608.297 GC heap before
{Heap before GC invocations=27 (full 4):
 PSYoungGen      total 612352K, used 569888K [0x00000000d5580000, 0x00000000fe000000, 0x0000000100000000)
  eden space 563712K, 100% used [0x00000000d5580000,0x00000000f7c00000,0x00000000f7c00000)
  from space 48640K, 12% used [0x00000000fb080000,0x00000000fb688000,0x00000000fe000000)
  to   space 51200K, 0% used [0x00000000f7c00000,0x00000000f7c00000,0x00000000fae00000)
 ParOldGen       total 287744K, used 152982K [0x0000000080000000, 0x0000000091900000, 0x00000000d5580000)
  object space 287744K, 53% used [0x0000000080000000,0x0000000089565868,0x0000000091900000)
 Metaspace       used 109880K, capacity 117202K, committed 117336K, reserved 1150976K
  class space    used 14546K, capacity 15919K, committed 16000K, reserved 1048576K
Event: 1608.311 GC heap after
Heap after GC invocations=27 (full 4):
 PSYoungGen      total 614912K, used 7744K [0x00000000d5580000, 0x0000000100000000, 0x0000000100000000)
  eden space 563712K, 0% used [0x00000000d5580000,0x00000000d5580000,0x00000000f7c00000)
  from space 51200K, 15% used [0x00000000f7c00000,0x00000000f8390010,0x00000000fae00000)
  to   space 50176K, 0% used [0x00000000fcf00000,0x00000000fcf00000,0x0000000100000000)
 ParOldGen       total 287744K, used 158338K [0x0000000080000000, 0x0000000091900000, 0x00000000d5580000)
  object space 287744K, 55% used [0x0000000080000000,0x0000000089aa0ac8,0x0000000091900000)
 Metaspace       used 109880K, capacity 117202K, committed 117336K, reserved 1150976K
  class space    used 14546K, capacity 15919K, committed 16000K, reserved 1048576K
}
Event: 1608.814 GC heap before
{Heap before GC invocations=28 (full 4):
 PSYoungGen      total 614912K, used 571456K [0x00000000d5580000, 0x0000000100000000, 0x0000000100000000)
  eden space 563712K, 100% used [0x00000000d5580000,0x00000000f7c00000,0x00000000f7c00000)
  from space 51200K, 15% used [0x00000000f7c00000,0x00000000f8390010,0x00000000fae00000)
  to   space 50176K, 0% used [0x00000000fcf00000,0x00000000fcf00000,0x0000000100000000)
 ParOldGen       total 287744K, used 158338K [0x0000000080000000, 0x0000000091900000, 0x00000000d5580000)
  object space 287744K, 55% used [0x0000000080000000,0x0000000089aa0ac8,0x0000000091900000)
 Metaspace       used 109916K, capacity 117270K, committed 117592K, reserved 1150976K
  class space    used 14546K, capacity 15919K, committed 16000K, reserved 1048576K
Event: 1608.826 GC heap after
Heap after GC invocations=28 (full 4):
 PSYoungGen      total 643584K, used 6112K [0x00000000d5580000, 0x00000000ffc00000, 0x0000000100000000)
  eden space 597504K, 0% used [0x00000000d5580000,0x00000000d5580000,0x00000000f9d00000)
  from space 46080K, 13% used [0x00000000fcf00000,0x00000000fd4f8000,0x00000000ffc00000)
  to   space 48640K, 0% used [0x00000000f9d00000,0x00000000f9d00000,0x00000000fcc80000)
 ParOldGen       total 287744K, used 164566K [0x0000000080000000, 0x0000000091900000, 0x00000000d5580000)
  object space 287744K, 57% used [0x0000000080000000,0x000000008a0b5848,0x0000000091900000)
 Metaspace       used 109916K, capacity 117270K, committed 117592K, reserved 1150976K
  class space    used 14546K, capacity 15919K, committed 16000K, reserved 1048576K
}
Event: 1609.712 GC heap before
{Heap before GC invocations=29 (full 4):
 PSYoungGen      total 643584K, used 603616K [0x00000000d5580000, 0x00000000ffc00000, 0x0000000100000000)
  eden space 597504K, 100% used [0x00000000d5580000,0x00000000f9d00000,0x00000000f9d00000)
  from space 46080K, 13% used [0x00000000fcf00000,0x00000000fd4f8000,0x00000000ffc00000)
  to   space 48640K, 0% used [0x00000000f9d00000,0x00000000f9d00000,0x00000000fcc80000)
 ParOldGen       total 287744K, used 164566K [0x0000000080000000, 0x0000000091900000, 0x00000000d5580000)
  object space 287744K, 57% used [0x0000000080000000,0x000000008a0b5848,0x0000000091900000)
 Metaspace       used 109961K, capacity 117278K, committed 117592K, reserved 1150976K
  class space    used 14546K, capacity 15919K, committed 16000K, reserved 1048576K
Event: 1609.727 GC heap after
Heap after GC invocations=29 (full 4):
 PSYoungGen      total 646144K, used 6130K [0x00000000d5580000, 0x0000000100000000, 0x0000000100000000)
  eden space 597504K, 0% used [0x00000000d5580000,0x00000000d5580000,0x00000000f9d00000)
  from space 48640K, 12% used [0x00000000f9d00000,0x00000000fa2fcba0,0x00000000fcc80000)
  to   space 47616K, 0% used [0x00000000fd180000,0x00000000fd180000,0x0000000100000000)
 ParOldGen       total 287744K, used 168837K [0x0000000080000000, 0x0000000091900000, 0x00000000d5580000)
  object space 287744K, 58% used [0x0000000080000000,0x000000008a4e1688,0x0000000091900000)
 Metaspace       used 109961K, capacity 117278K, committed 117592K, reserved 1150976K
  class space    used 14546K, capacity 15919K, committed 16000K, reserved 1048576K
}
Event: 1610.694 GC heap before
{Heap before GC invocations=30 (full 4):
 PSYoungGen      total 646144K, used 603634K [0x00000000d5580000, 0x0000000100000000, 0x0000000100000000)
  eden space 597504K, 100% used [0x00000000d5580000,0x00000000f9d00000,0x00000000f9d00000)
  from space 48640K, 12% used [0x00000000f9d00000,0x00000000fa2fcba0,0x00000000fcc80000)
  to   space 47616K, 0% used [0x00000000fd180000,0x00000000fd180000,0x0000000100000000)
 ParOldGen       total 287744K, used 168837K [0x0000000080000000, 0x0000000091900000, 0x00000000d5580000)
  object space 287744K, 58% used [0x0000000080000000,0x000000008a4e1688,0x0000000091900000)
 Metaspace       used 110052K, capacity 117392K, committed 117592K, reserved 1150976K
  class space    used 14546K, capacity 15920K, committed 16000K, reserved 1048576K
Event: 1610.705 GC heap after
Heap after GC invocations=30 (full 4):
 PSYoungGen      total 646144K, used 5904K [0x00000000d5580000, 0x00000000ffc00000, 0x0000000100000000)
  eden space 602624K, 0% used [0x00000000d5580000,0x00000000d5580000,0x00000000fa200000)
  from space 43520K, 13% used [0x00000000fd180000,0x00000000fd744038,0x00000000ffc00000)
  to   space 46080K, 0% used [0x00000000fa200000,0x00000000fa200000,0x00000000fcf00000)
 ParOldGen       total 287744K, used 172907K [0x0000000080000000, 0x0000000091900000, 0x00000000d5580000)
  object space 287744K, 60% used [0x0000000080000000,0x000000008a8daf48,0x0000000091900000)
 Metaspace       used 110052K, capacity 117392K, committed 117592K, reserved 1150976K
  class space    used 14546K, capacity 15920K, committed 16000K, reserved 1048576K
}

Deoptimization events (10 events):
Event: 1609.525 Thread 0x000000001d3b1000 Uncommon trap: reason=unstable_if action=reinterpret pc=0x0000000006bbdc38 method=com.android.tools.r8.s.b.q1.R()Z @ 26
Event: 1609.836 Thread 0x000000001d3b1000 Uncommon trap: reason=unstable_if action=reinterpret pc=0x00000000062fc894 method=com.android.tools.r8.graph.I0$d.c()V @ 786
Event: 1609.849 Thread 0x000000001d3ab000 Uncommon trap: reason=unstable_if action=reinterpret pc=0x0000000006c4d5b0 method=com.android.tools.r8.ir.conversion.N.a(ILcom/android/tools/r8/s/b/t1;Lcom/android/tools/r8/s/b/o;Lcom/android/tools/r8/s/b/o$c;Lcom/android/tools/r8/s/b/U0$a;)Lcom/android/t
Event: 1609.918 Thread 0x000000001d3aa800 Uncommon trap: reason=class_check action=maybe_recompile pc=0x00000000066cb7b8 method=com.android.tools.r8.s.a.h.e.b(Lcom/android/tools/r8/s/b/k0;)V @ 244
Event: 1609.920 Thread 0x000000001d3aa800 Uncommon trap: reason=class_check action=maybe_recompile pc=0x00000000066cb7b8 method=com.android.tools.r8.s.a.h.e.b(Lcom/android/tools/r8/s/b/k0;)V @ 244
Event: 1610.123 Thread 0x0000000020d4e000 Uncommon trap: reason=unstable_if action=reinterpret pc=0x000000000381ec5c method=java.util.HashMap.getNode(ILjava/lang/Object;)Ljava/util/HashMap$Node; @ 84
Event: 1610.646 Thread 0x0000000020d4e000 Uncommon trap: reason=class_check action=maybe_recompile pc=0x0000000006cf9a94 method=com.android.tools.r8.s.b.o.m()Lcom/android/tools/r8/s/b/B0; @ 76
Event: 1610.646 Thread 0x0000000020d4e000 Uncommon trap: reason=class_check action=maybe_recompile pc=0x0000000006cf9b18 method=com.android.tools.r8.s.b.o.m()Lcom/android/tools/r8/s/b/B0; @ 76
Event: 1610.646 Thread 0x0000000020d4e000 Uncommon trap: reason=class_check action=maybe_recompile pc=0x0000000006cf9a94 method=com.android.tools.r8.s.b.o.m()Lcom/android/tools/r8/s/b/B0; @ 76
Event: 1610.647 Thread 0x0000000020d4e000 Uncommon trap: reason=class_check action=maybe_recompile pc=0x0000000006cf9a94 method=com.android.tools.r8.s.b.o.m()Lcom/android/tools/r8/s/b/B0; @ 76

Classes redefined (0 events):
No events

Internal exceptions (10 events):
Event: 1609.962 Thread 0x0000000020f9f000 Exception <a 'sun/nio/fs/WindowsException'> (0x00000000e3bbd300) thrown at [C:\src\AOSP-openjdk-git\hotspot\src\share\vm\prims\jni.cpp, line 710]
Event: 1609.972 Thread 0x0000000020d4f800 Exception <a 'sun/nio/fs/WindowsException'> (0x00000000e3f96fa8) thrown at [C:\src\AOSP-openjdk-git\hotspot\src\share\vm\prims\jni.cpp, line 710]
Event: 1609.975 Thread 0x0000000020d51800 Exception <a 'sun/nio/fs/WindowsException'> (0x00000000e4463ac8) thrown at [C:\src\AOSP-openjdk-git\hotspot\src\share\vm\prims\jni.cpp, line 710]
Event: 1609.979 Thread 0x000000001d3b0800 Exception <a 'sun/nio/fs/WindowsException'> (0x00000000e2e07980) thrown at [C:\src\AOSP-openjdk-git\hotspot\src\share\vm\prims\jni.cpp, line 710]
Event: 1609.982 Thread 0x000000001d3b1000 Exception <a 'sun/nio/fs/WindowsException'> (0x00000000e42952b0) thrown at [C:\src\AOSP-openjdk-git\hotspot\src\share\vm\prims\jni.cpp, line 710]
Event: 1609.994 Thread 0x000000001d3b0800 Exception <a 'sun/nio/fs/WindowsException'> (0x00000000e575ad70) thrown at [C:\src\AOSP-openjdk-git\hotspot\src\share\vm\prims\jni.cpp, line 710]
Event: 1610.006 Thread 0x000000001d3af800 Exception <a 'sun/nio/fs/WindowsException'> (0x00000000e6228e48) thrown at [C:\src\AOSP-openjdk-git\hotspot\src\share\vm\prims\jni.cpp, line 710]
Event: 1610.078 Thread 0x000000001d3af800 Exception <a 'sun/nio/fs/WindowsException'> (0x00000000ea1c0d00) thrown at [C:\src\AOSP-openjdk-git\hotspot\src\share\vm\prims\jni.cpp, line 710]
Event: 1610.106 Thread 0x0000000020f9f000 Exception <a 'sun/nio/fs/WindowsException'> (0x00000000eb7d3ae8) thrown at [C:\src\AOSP-openjdk-git\hotspot\src\share\vm\prims\jni.cpp, line 710]
Event: 1610.286 Thread 0x000000001d3aa800 Exception <a 'sun/nio/fs/WindowsException'> (0x00000000ef9d0cb8) thrown at [C:\src\AOSP-openjdk-git\hotspot\src\share\vm\prims\jni.cpp, line 710]

Events (10 events):
Event: 1610.823 Thread 0x0000000020d4e000 DEOPT PACKING pc=0x0000000006245172 sp=0x0000000021e2a720
Event: 1610.823 Thread 0x0000000020d4e000 DEOPT UNPACKING pc=0x00000000030d71d0 sp=0x0000000021e2a4e8 mode 0
Event: 1610.837 Thread 0x0000000020d4e000 DEOPT PACKING pc=0x00000000064ea73b sp=0x0000000021e29fa0
Event: 1610.837 Thread 0x0000000020d4e000 DEOPT UNPACKING pc=0x00000000030d71d0 sp=0x0000000021e29fd8 mode 0
Event: 1610.862 Thread 0x0000000020d4e000 DEOPT PACKING pc=0x00000000064ea73b sp=0x0000000021e29f80
Event: 1610.862 Thread 0x0000000020d4e000 DEOPT UNPACKING pc=0x00000000030d71d0 sp=0x0000000021e29fb8 mode 0
Event: 1610.865 Thread 0x0000000020d4e000 DEOPT PACKING pc=0x0000000006116e7c sp=0x0000000021e29f10
Event: 1610.865 Thread 0x0000000020d4e000 DEOPT UNPACKING pc=0x00000000030d71d0 sp=0x0000000021e29c68 mode 0
Event: 1610.872 Thread 0x0000000020d4e000 DEOPT PACKING pc=0x000000000650252d sp=0x0000000021e2a110
Event: 1610.872 Thread 0x0000000020d4e000 DEOPT UNPACKING pc=0x00000000030d71d0 sp=0x0000000021e2a040 mode 0


Dynamic libraries:
0x00007ff7675d0000 - 0x00007ff767601000 	C:\Program Files (x86)\Android-studio\jre\bin\java.exe
0x00007ffa1c090000 - 0x00007ffa1c285000 	C:\WINDOWS\SYSTEM32\ntdll.dll
0x00007ffa1b2a0000 - 0x00007ffa1b35d000 	C:\WINDOWS\System32\KERNEL32.DLL
0x00007ffa19be0000 - 0x00007ffa19ea9000 	C:\WINDOWS\System32\KERNELBASE.dll
0x00007ffa1bdf0000 - 0x00007ffa1be9c000 	C:\WINDOWS\System32\ADVAPI32.dll
0x00007ffa1a4b0000 - 0x00007ffa1a54e000 	C:\WINDOWS\System32\msvcrt.dll
0x00007ffa1acd0000 - 0x00007ffa1ad6c000 	C:\WINDOWS\System32\sechost.dll
0x00007ffa1a100000 - 0x00007ffa1a22b000 	C:\WINDOWS\System32\RPCRT4.dll
0x00007ffa1a560000 - 0x00007ffa1a700000 	C:\WINDOWS\System32\USER32.dll
0x00007ffa19eb0000 - 0x00007ffa19ed2000 	C:\WINDOWS\System32\win32u.dll
0x00007ffa1b1a0000 - 0x00007ffa1b1ca000 	C:\WINDOWS\System32\GDI32.dll
0x00007ffa19f90000 - 0x00007ffa1a09b000 	C:\WINDOWS\System32\gdi32full.dll
0x00007ffa19980000 - 0x00007ffa19a1d000 	C:\WINDOWS\System32\msvcp_win.dll
0x00007ffa19850000 - 0x00007ffa19950000 	C:\WINDOWS\System32\ucrtbase.dll
0x00007ffa0eb40000 - 0x00007ffa0edda000 	C:\WINDOWS\WinSxS\amd64_microsoft.windows.common-controls_6595b64144ccf1df_6.0.19041.844_none_ca00b6081b84eb1d\COMCTL32.dll
0x00007ffa1a820000 - 0x00007ffa1a850000 	C:\WINDOWS\System32\IMM32.DLL
0x00007ff9fb5d0000 - 0x00007ff9fb600000 	C:\PROGRA~1\BULLGU~1\BULLGU~1\BgAgent.dll
0x0000000074f40000 - 0x0000000075012000 	C:\Program Files (x86)\Android-studio\jre\jre\bin\msvcr100.dll
0x00000000759a0000 - 0x00000000761eb000 	C:\Program Files (x86)\Android-studio\jre\jre\bin\server\jvm.dll
0x00007ffa1a850000 - 0x00007ffa1a858000 	C:\WINDOWS\System32\PSAPI.DLL
0x00007ffa134e0000 - 0x00007ffa134ea000 	C:\WINDOWS\SYSTEM32\VERSION.dll
0x00007ff9fba70000 - 0x00007ff9fba79000 	C:\WINDOWS\SYSTEM32\WSOCK32.dll
0x00007ffa10530000 - 0x00007ffa10557000 	C:\WINDOWS\SYSTEM32\WINMM.dll
0x00007ffa1bf80000 - 0x00007ffa1bfeb000 	C:\WINDOWS\System32\WS2_32.dll
0x00007ffa05120000 - 0x00007ffa0512f000 	C:\Program Files (x86)\Android-studio\jre\jre\bin\verify.dll
0x00007ffa04e70000 - 0x00007ffa04e99000 	C:\Program Files (x86)\Android-studio\jre\jre\bin\java.dll
0x00007ff9fe930000 - 0x00007ff9fe946000 	C:\Program Files (x86)\Android-studio\jre\jre\bin\zip.dll
0x00007ffa1b360000 - 0x00007ffa1baa2000 	C:\WINDOWS\System32\SHELL32.dll
0x00007ffa17910000 - 0x00007ffa180a0000 	C:\WINDOWS\SYSTEM32\windows.storage.dll
0x00007ffa1ad90000 - 0x00007ffa1b0e5000 	C:\WINDOWS\System32\combase.dll
0x00007ffa19240000 - 0x00007ffa1926c000 	C:\WINDOWS\SYSTEM32\Wldp.dll
0x00007ffa1b0f0000 - 0x00007ffa1b19e000 	C:\WINDOWS\System32\SHCORE.dll
0x00007ffa1a340000 - 0x00007ffa1a395000 	C:\WINDOWS\System32\shlwapi.dll
0x00007ffa19710000 - 0x00007ffa1972f000 	C:\WINDOWS\SYSTEM32\profapi.dll
0x00007ff9fe230000 - 0x00007ff9fe24a000 	C:\Program Files (x86)\Android-studio\jre\jre\bin\net.dll
0x00007ffa18fc0000 - 0x00007ffa1902a000 	C:\WINDOWS\system32\mswsock.dll
0x00007ff9fe210000 - 0x00007ff9fe223000 	C:\Program Files (x86)\Android-studio\jre\jre\bin\nio.dll
0x00007ffa051d0000 - 0x00007ffa051f7000 	C:\Users\Sonny\.gradle\native\f6784746aeab05261644944871eae4fe03e0ef1612fff0a4a95f87b438bc6780\windows-amd64\native-platform.dll
0x00007ffa04f30000 - 0x00007ffa04f3d000 	C:\Program Files (x86)\Android-studio\jre\jre\bin\management.dll
0x00007ffa19190000 - 0x00007ffa191a8000 	C:\WINDOWS\SYSTEM32\CRYPTSP.dll
0x00007ffa188f0000 - 0x00007ffa18924000 	C:\WINDOWS\system32\rsaenh.dll
0x00007ffa19950000 - 0x00007ffa19977000 	C:\WINDOWS\System32\bcrypt.dll
0x00007ffa19690000 - 0x00007ffa196be000 	C:\WINDOWS\SYSTEM32\USERENV.dll
0x00007ffa197d0000 - 0x00007ffa19850000 	C:\WINDOWS\System32\bcryptprimitives.dll
0x00007ffa191b0000 - 0x00007ffa191bc000 	C:\WINDOWS\SYSTEM32\CRYPTBASE.dll
0x00007ffa18c60000 - 0x00007ffa18c9b000 	C:\WINDOWS\SYSTEM32\IPHLPAPI.DLL
0x00007ffa1a550000 - 0x00007ffa1a558000 	C:\WINDOWS\System32\NSI.dll
0x00007ffa13080000 - 0x00007ffa13097000 	C:\WINDOWS\SYSTEM32\dhcpcsvc6.DLL
0x00007ffa134f0000 - 0x00007ffa1350d000 	C:\WINDOWS\SYSTEM32\dhcpcsvc.DLL
0x00007ffa18cb0000 - 0x00007ffa18d7b000 	C:\WINDOWS\SYSTEM32\DNSAPI.dll
0x00007ffa13d80000 - 0x00007ffa13d8b000 	C:\WINDOWS\SYSTEM32\WINNSI.DLL
0x00007ffa175a0000 - 0x00007ffa17784000 	C:\WINDOWS\SYSTEM32\dbghelp.dll

VM Arguments:
jvm_args: -Xmx2048m -Dfile.encoding=UTF-8 -Duser.country=DK -Duser.language=da -Duser.variant 
java_command: org.gradle.launcher.daemon.bootstrap.GradleDaemon 6.5
java_class_path (initial): C:\Users\Sonny\.gradle\wrapper\dists\gradle-6.5-bin\6nifqtx7604sqp1q6g8wikw7p\gradle-6.5\lib\gradle-launcher-6.5.jar
Launcher Type: SUN_STANDARD

Environment Variables:
PATH=C:\Program Files\Microsoft MPI\Bin\;C:\Program Files (x86)\Common Files\Intel\Shared Libraries\redist\intel64_win\compiler;C:\Program Files\Oculus\Support\oculus-runtime;C:\Program Files (x86)\Common Files\Oracle\Java\javapath;C:\ProgramData\Oracle\Java\javapath;C:\Windows\system32;C:\Windows;C:\Windows\System32\Wbem;C:\Windows\System32\WindowsPowerShell\v1.0\;C:\WINDOWS\system32;C:\WINDOWS;C:\WINDOWS\System32\Wbem;C:\WINDOWS\System32\WindowsPowerShell\v1.0\;C:\Program Files\dotnet\;C:\Program Files\nodejs\;C:\WINDOWS\System32\OpenSSH\;C:\Program Files\Java\jdk-13\bin;C:\Program Files\Git\cmd;C:\Program Files (x86)\Brackets\command;C:\WINDOWS\system32;C:\WINDOWS;C:\WINDOWS\System32\Wbem;C:\WINDOWS\System32\WindowsPowerShell\v1.0\;C:\WINDOWS\System32\OpenSSH\;C:\Android;C:\Program Files\Microchip\xc8\v2.31\bin;C:\Program Files\Microsoft SQL Server\Client SDK\ODBC\170\Tools\Binn\;C:\Program Files (x86)\Microsoft SQL Server\150\Tools\Binn\;C:\Program Files\Microsoft SQL Server\150\Tools\Binn\;C:\Program Files\Microsoft SQL Server\150\DTS\Binn\;C:\Program Files\Azure Data Studio\bin;C:\Program Files (x86)\Microsoft SQL Server\150\DTS\Binn\;C:\Users\Sonny\AppData\Local\Microsoft\WindowsApps;C:\Users\Sonny\AppData\Roaming\npm;C:\Users\Sonny\AppData\Local\Microsoft\WindowsApps;C:\Users\Sonny\.dotnet\tools;C:\Program Files\Azure Data Studio\bin
USERNAME=Sonny
OS=Windows_NT
PROCESSOR_IDENTIFIER=AMD64 Family 23 Model 1 Stepping 1, AuthenticAMD



---------------  S Y S T E M  ---------------

OS: Windows 10.0 , 64 bit Build 19041 (10.0.19041.804)

CPU:total 12 (initial active 12) (12 cores per cpu, 1 threads per core) family 23 model 1 stepping 1, cmov, cx8, fxsr, mmx, sse, sse2, sse3, ssse3, sse4.1, sse4.2, popcnt, avx, avx2, aes, clmul, mmxext, 3dnowpref, lzcnt, sse4a, tsc, tscinvbit, tscinv, bmi1

Memory: 4k page, physical 16712572k(6298616k free), swap 20270980k(3066896k free)

vm_info: OpenJDK 64-Bit Server VM (25.242-b01) for windows-amd64 JRE (1.8.0_242-release-1644-b01), built by "builder" with MS VC++ 10.0 (VS2010)

time: Sun Mar 14 19:57:51 2021
timezone: Rom, normaltid
elapsed time: 1610 seconds (0d 0h 26m 50s)

